2022-01-16 20:37:31,126 [INFO]  
========== start: fit model
2022-01-16 20:37:31,127 [WARNING]  Already bound, ignoring bind()
2022-01-16 20:37:31,136 [INFO]  Epoch[0] Batch [0-5]	Speed: 17587.10 samples/sec	cross-entropy=16.082732	y-accuracy=0.000000
2022-01-16 20:37:31,140 [INFO]  Epoch[0] Train-cross-entropy=11.494181
2022-01-16 20:37:31,141 [INFO]  Epoch[0] Train-y-accuracy=0.000000
2022-01-16 20:37:31,141 [INFO]  Epoch[0] Time cost=0.012
2022-01-16 20:37:31,147 [INFO]  Saved checkpoint to "imputer_model\model-0000.params"
2022-01-16 20:37:31,149 [INFO]  Epoch[0] Validation-cross-entropy=13.133987
2022-01-16 20:37:31,150 [INFO]  Epoch[0] Validation-y-accuracy=0.000000
2022-01-16 20:37:31,158 [INFO]  Epoch[1] Batch [0-5]	Speed: 15982.11 samples/sec	cross-entropy=12.747985	y-accuracy=0.000000
2022-01-16 20:37:31,162 [INFO]  Epoch[1] Train-cross-entropy=9.734926
2022-01-16 20:37:31,162 [INFO]  Epoch[1] Train-y-accuracy=0.000000
2022-01-16 20:37:31,163 [INFO]  Epoch[1] Time cost=0.012
2022-01-16 20:37:31,168 [INFO]  Saved checkpoint to "imputer_model\model-0001.params"
2022-01-16 20:37:31,170 [INFO]  Epoch[1] Validation-cross-entropy=10.820204
2022-01-16 20:37:31,171 [INFO]  Epoch[1] Validation-y-accuracy=0.000000
2022-01-16 20:37:31,179 [INFO]  Epoch[2] Batch [0-5]	Speed: 15983.63 samples/sec	cross-entropy=9.926595	y-accuracy=0.000000
2022-01-16 20:37:31,182 [INFO]  Epoch[2] Train-cross-entropy=8.968633
2022-01-16 20:37:31,183 [INFO]  Epoch[2] Train-y-accuracy=0.000000
2022-01-16 20:37:31,184 [INFO]  Epoch[2] Time cost=0.012
2022-01-16 20:37:31,189 [INFO]  Saved checkpoint to "imputer_model\model-0002.params"
2022-01-16 20:37:31,191 [INFO]  Epoch[2] Validation-cross-entropy=8.181554
2022-01-16 20:37:31,192 [INFO]  Epoch[2] Validation-y-accuracy=0.000000
2022-01-16 20:37:31,198 [INFO]  Epoch[3] Batch [0-5]	Speed: 19993.11 samples/sec	cross-entropy=8.282950	y-accuracy=0.000000
2022-01-16 20:37:31,202 [INFO]  Epoch[3] Train-cross-entropy=7.252513
2022-01-16 20:37:31,203 [INFO]  Epoch[3] Train-y-accuracy=0.000000
2022-01-16 20:37:31,204 [INFO]  Epoch[3] Time cost=0.011
2022-01-16 20:37:31,210 [INFO]  Saved checkpoint to "imputer_model\model-0003.params"
2022-01-16 20:37:31,212 [INFO]  Epoch[3] Validation-cross-entropy=6.980991
2022-01-16 20:37:31,212 [INFO]  Epoch[3] Validation-y-accuracy=0.000000
2022-01-16 20:37:31,220 [INFO]  Epoch[4] Batch [0-5]	Speed: 16001.16 samples/sec	cross-entropy=6.715275	y-accuracy=0.000000
2022-01-16 20:37:31,225 [INFO]  Epoch[4] Train-cross-entropy=5.626890
2022-01-16 20:37:31,225 [INFO]  Epoch[4] Train-y-accuracy=0.000000
2022-01-16 20:37:31,226 [INFO]  Epoch[4] Time cost=0.013
2022-01-16 20:37:31,231 [INFO]  Saved checkpoint to "imputer_model\model-0004.params"
2022-01-16 20:37:31,234 [INFO]  Epoch[4] Validation-cross-entropy=5.292449
2022-01-16 20:37:31,234 [INFO]  Epoch[4] Validation-y-accuracy=0.000000
2022-01-16 20:37:31,242 [INFO]  Epoch[5] Batch [0-5]	Speed: 15998.11 samples/sec	cross-entropy=5.046859	y-accuracy=0.000000
2022-01-16 20:37:31,247 [INFO]  Epoch[5] Train-cross-entropy=4.416737
2022-01-16 20:37:31,247 [INFO]  Epoch[5] Train-y-accuracy=0.000000
2022-01-16 20:37:31,248 [INFO]  Epoch[5] Time cost=0.013
2022-01-16 20:37:31,253 [INFO]  Saved checkpoint to "imputer_model\model-0005.params"
2022-01-16 20:37:31,255 [INFO]  Epoch[5] Validation-cross-entropy=3.606119
2022-01-16 20:37:31,256 [INFO]  Epoch[5] Validation-y-accuracy=0.000000
2022-01-16 20:37:31,262 [INFO]  Epoch[6] Batch [0-5]	Speed: 26643.19 samples/sec	cross-entropy=3.559556	y-accuracy=0.000000
2022-01-16 20:37:31,265 [INFO]  Epoch[6] Train-cross-entropy=3.129918
2022-01-16 20:37:31,266 [INFO]  Epoch[6] Train-y-accuracy=0.000000
2022-01-16 20:37:31,267 [INFO]  Epoch[6] Time cost=0.012
2022-01-16 20:37:31,271 [INFO]  Saved checkpoint to "imputer_model\model-0006.params"
2022-01-16 20:37:31,273 [INFO]  Epoch[6] Validation-cross-entropy=2.355939
2022-01-16 20:37:31,275 [INFO]  Epoch[6] Validation-y-accuracy=0.000000
2022-01-16 20:37:31,284 [INFO]  Epoch[7] Batch [0-5]	Speed: 11426.68 samples/sec	cross-entropy=2.350941	y-accuracy=0.000000
2022-01-16 20:37:31,288 [INFO]  Epoch[7] Train-cross-entropy=2.034092
2022-01-16 20:37:31,288 [INFO]  Epoch[7] Train-y-accuracy=0.000000
2022-01-16 20:37:31,289 [INFO]  Epoch[7] Time cost=0.013
2022-01-16 20:37:31,294 [INFO]  Saved checkpoint to "imputer_model\model-0007.params"
2022-01-16 20:37:31,296 [INFO]  Epoch[7] Validation-cross-entropy=1.394920
2022-01-16 20:37:31,297 [INFO]  Epoch[7] Validation-y-accuracy=0.000000
2022-01-16 20:37:31,304 [INFO]  Epoch[8] Batch [0-5]	Speed: 15999.63 samples/sec	cross-entropy=1.458245	y-accuracy=0.000000
2022-01-16 20:37:31,308 [INFO]  Epoch[8] Train-cross-entropy=1.341840
2022-01-16 20:37:31,309 [INFO]  Epoch[8] Train-y-accuracy=0.000000
2022-01-16 20:37:31,309 [INFO]  Epoch[8] Time cost=0.012
2022-01-16 20:37:31,313 [INFO]  Saved checkpoint to "imputer_model\model-0008.params"
2022-01-16 20:37:31,316 [INFO]  Epoch[8] Validation-cross-entropy=0.864066
2022-01-16 20:37:31,316 [INFO]  Epoch[8] Validation-y-accuracy=0.000000
2022-01-16 20:37:31,324 [INFO]  Epoch[9] Batch [0-5]	Speed: 15997.35 samples/sec	cross-entropy=0.960269	y-accuracy=0.000000
2022-01-16 20:37:31,328 [INFO]  Epoch[9] Train-cross-entropy=0.889208
2022-01-16 20:37:31,329 [INFO]  Epoch[9] Train-y-accuracy=0.000000
2022-01-16 20:37:31,331 [INFO]  Epoch[9] Time cost=0.014
2022-01-16 20:37:31,336 [INFO]  Saved checkpoint to "imputer_model\model-0009.params"
2022-01-16 20:37:31,339 [INFO]  Epoch[9] Validation-cross-entropy=0.650360
2022-01-16 20:37:31,340 [INFO]  Epoch[9] Validation-y-accuracy=0.000000
2022-01-16 20:37:31,348 [INFO]  Epoch[10] Batch [0-5]	Speed: 15995.06 samples/sec	cross-entropy=0.731160	y-accuracy=0.000000
2022-01-16 20:37:31,353 [INFO]  Epoch[10] Train-cross-entropy=0.669820
2022-01-16 20:37:31,354 [INFO]  Epoch[10] Train-y-accuracy=0.000000
2022-01-16 20:37:31,354 [INFO]  Epoch[10] Time cost=0.014
2022-01-16 20:37:31,360 [INFO]  Saved checkpoint to "imputer_model\model-0010.params"
2022-01-16 20:37:31,362 [INFO]  Epoch[10] Validation-cross-entropy=0.596590
2022-01-16 20:37:31,363 [INFO]  Epoch[10] Validation-y-accuracy=0.000000
2022-01-16 20:37:31,370 [INFO]  Epoch[11] Batch [0-5]	Speed: 19997.87 samples/sec	cross-entropy=0.649260	y-accuracy=0.000000
2022-01-16 20:37:31,384 [INFO]  Epoch[11] Train-cross-entropy=0.572539
2022-01-16 20:37:31,385 [INFO]  Epoch[11] Train-y-accuracy=0.000000
2022-01-16 20:37:31,386 [INFO]  Epoch[11] Time cost=0.022
2022-01-16 20:37:31,392 [INFO]  Saved checkpoint to "imputer_model\model-0011.params"
2022-01-16 20:37:31,401 [INFO]  Epoch[11] Validation-cross-entropy=0.592284
2022-01-16 20:37:31,402 [INFO]  Epoch[11] Validation-y-accuracy=0.000000
2022-01-16 20:37:31,424 [INFO]  Epoch[12] Batch [0-5]	Speed: 4342.32 samples/sec	cross-entropy=0.622706	y-accuracy=0.000000
2022-01-16 20:37:31,427 [INFO]  Epoch[12] Train-cross-entropy=0.521347
2022-01-16 20:37:31,428 [INFO]  Epoch[12] Train-y-accuracy=0.000000
2022-01-16 20:37:31,429 [INFO]  Epoch[12] Time cost=0.027
2022-01-16 20:37:31,433 [INFO]  Saved checkpoint to "imputer_model\model-0012.params"
2022-01-16 20:37:31,435 [INFO]  Epoch[12] Validation-cross-entropy=0.573432
2022-01-16 20:37:31,436 [INFO]  Epoch[12] Validation-y-accuracy=0.000000
2022-01-16 20:37:31,445 [INFO]  Epoch[13] Batch [0-5]	Speed: 11620.18 samples/sec	cross-entropy=0.592486	y-accuracy=0.000000
2022-01-16 20:37:31,450 [INFO]  Epoch[13] Train-cross-entropy=0.489819
2022-01-16 20:37:31,451 [INFO]  Epoch[13] Train-y-accuracy=0.000000
2022-01-16 20:37:31,452 [INFO]  Epoch[13] Time cost=0.015
2022-01-16 20:37:31,457 [INFO]  Saved checkpoint to "imputer_model\model-0013.params"
2022-01-16 20:37:31,459 [INFO]  Epoch[13] Validation-cross-entropy=0.536078
2022-01-16 20:37:31,460 [INFO]  Epoch[13] Validation-y-accuracy=0.000000
2022-01-16 20:37:31,466 [INFO]  Epoch[14] Batch [0-5]	Speed: 18892.20 samples/sec	cross-entropy=0.559075	y-accuracy=0.000000
2022-01-16 20:37:31,470 [INFO]  Epoch[14] Train-cross-entropy=0.462787
2022-01-16 20:37:31,471 [INFO]  Epoch[14] Train-y-accuracy=0.000000
2022-01-16 20:37:31,471 [INFO]  Epoch[14] Time cost=0.010
2022-01-16 20:37:31,476 [INFO]  Saved checkpoint to "imputer_model\model-0014.params"
2022-01-16 20:37:31,478 [INFO]  Epoch[14] Validation-cross-entropy=0.492553
2022-01-16 20:37:31,479 [INFO]  Epoch[14] Validation-y-accuracy=0.000000
2022-01-16 20:37:31,486 [INFO]  Epoch[15] Batch [0-5]	Speed: 18516.88 samples/sec	cross-entropy=0.523090	y-accuracy=0.000000
2022-01-16 20:37:31,490 [INFO]  Epoch[15] Train-cross-entropy=0.442567
2022-01-16 20:37:31,491 [INFO]  Epoch[15] Train-y-accuracy=0.000000
2022-01-16 20:37:31,491 [INFO]  Epoch[15] Time cost=0.011
2022-01-16 20:37:31,496 [INFO]  Saved checkpoint to "imputer_model\model-0015.params"
2022-01-16 20:37:31,498 [INFO]  Epoch[15] Validation-cross-entropy=0.452007
2022-01-16 20:37:31,499 [INFO]  Epoch[15] Validation-y-accuracy=0.000000
2022-01-16 20:37:31,506 [INFO]  Epoch[16] Batch [0-5]	Speed: 15925.97 samples/sec	cross-entropy=0.491456	y-accuracy=0.000000
2022-01-16 20:37:31,509 [INFO]  Epoch[16] Train-cross-entropy=0.422101
2022-01-16 20:37:31,511 [INFO]  Epoch[16] Train-y-accuracy=0.000000
2022-01-16 20:37:31,511 [INFO]  Epoch[16] Time cost=0.011
2022-01-16 20:37:31,517 [INFO]  Saved checkpoint to "imputer_model\model-0016.params"
2022-01-16 20:37:31,519 [INFO]  Epoch[16] Validation-cross-entropy=0.416917
2022-01-16 20:37:31,520 [INFO]  Epoch[16] Validation-y-accuracy=0.000000
2022-01-16 20:37:31,527 [INFO]  Epoch[17] Batch [0-5]	Speed: 15993.53 samples/sec	cross-entropy=0.462738	y-accuracy=0.000000
2022-01-16 20:37:31,532 [INFO]  Epoch[17] Train-cross-entropy=0.401494
2022-01-16 20:37:31,532 [INFO]  Epoch[17] Train-y-accuracy=0.000000
2022-01-16 20:37:31,533 [INFO]  Epoch[17] Time cost=0.013
2022-01-16 20:37:31,537 [INFO]  Saved checkpoint to "imputer_model\model-0017.params"
2022-01-16 20:37:31,539 [INFO]  Epoch[17] Validation-cross-entropy=0.386536
2022-01-16 20:37:31,540 [INFO]  Epoch[17] Validation-y-accuracy=0.000000
2022-01-16 20:37:31,547 [INFO]  Epoch[18] Batch [0-5]	Speed: 16867.46 samples/sec	cross-entropy=0.436256	y-accuracy=0.000000
2022-01-16 20:37:31,551 [INFO]  Epoch[18] Train-cross-entropy=0.379917
2022-01-16 20:37:31,551 [INFO]  Epoch[18] Train-y-accuracy=0.000000
2022-01-16 20:37:31,552 [INFO]  Epoch[18] Time cost=0.012
2022-01-16 20:37:31,557 [INFO]  Saved checkpoint to "imputer_model\model-0018.params"
2022-01-16 20:37:31,560 [INFO]  Epoch[18] Validation-cross-entropy=0.359382
2022-01-16 20:37:31,560 [INFO]  Epoch[18] Validation-y-accuracy=0.000000
2022-01-16 20:37:31,568 [INFO]  Epoch[19] Batch [0-5]	Speed: 18081.82 samples/sec	cross-entropy=0.411478	y-accuracy=0.000000
2022-01-16 20:37:31,572 [INFO]  Epoch[19] Train-cross-entropy=0.358566
2022-01-16 20:37:31,573 [INFO]  Epoch[19] Train-y-accuracy=0.000000
2022-01-16 20:37:31,574 [INFO]  Epoch[19] Time cost=0.012
2022-01-16 20:37:31,579 [INFO]  Saved checkpoint to "imputer_model\model-0019.params"
2022-01-16 20:37:31,581 [INFO]  Epoch[19] Validation-cross-entropy=0.333524
2022-01-16 20:37:31,582 [INFO]  Epoch[19] Validation-y-accuracy=0.000000
2022-01-16 20:37:31,589 [INFO]  Epoch[20] Batch [0-5]	Speed: 15994.30 samples/sec	cross-entropy=0.387834	y-accuracy=0.000000
2022-01-16 20:37:31,593 [INFO]  Epoch[20] Train-cross-entropy=0.338093
2022-01-16 20:37:31,594 [INFO]  Epoch[20] Train-y-accuracy=0.000000
2022-01-16 20:37:31,595 [INFO]  Epoch[20] Time cost=0.013
2022-01-16 20:37:31,601 [INFO]  Saved checkpoint to "imputer_model\model-0020.params"
2022-01-16 20:37:31,603 [INFO]  Epoch[20] Validation-cross-entropy=0.309200
2022-01-16 20:37:31,604 [INFO]  Epoch[20] Validation-y-accuracy=0.000000
2022-01-16 20:37:31,611 [INFO]  Epoch[21] Batch [0-5]	Speed: 15998.87 samples/sec	cross-entropy=0.365302	y-accuracy=0.000000
2022-01-16 20:37:31,615 [INFO]  Epoch[21] Train-cross-entropy=0.318719
2022-01-16 20:37:31,616 [INFO]  Epoch[21] Train-y-accuracy=0.000000
2022-01-16 20:37:31,616 [INFO]  Epoch[21] Time cost=0.011
2022-01-16 20:37:31,622 [INFO]  Saved checkpoint to "imputer_model\model-0021.params"
2022-01-16 20:37:31,624 [INFO]  Epoch[21] Validation-cross-entropy=0.286730
2022-01-16 20:37:31,625 [INFO]  Epoch[21] Validation-y-accuracy=0.000000
2022-01-16 20:37:31,630 [INFO]  Epoch[22] Batch [0-5]	Speed: 26664.36 samples/sec	cross-entropy=0.344001	y-accuracy=0.000000
2022-01-16 20:37:31,634 [INFO]  Epoch[22] Train-cross-entropy=0.300590
2022-01-16 20:37:31,634 [INFO]  Epoch[22] Train-y-accuracy=0.000000
2022-01-16 20:37:31,635 [INFO]  Epoch[22] Time cost=0.010
2022-01-16 20:37:31,639 [INFO]  Saved checkpoint to "imputer_model\model-0022.params"
2022-01-16 20:37:31,642 [INFO]  Epoch[22] Validation-cross-entropy=0.265394
2022-01-16 20:37:31,642 [INFO]  Epoch[22] Validation-y-accuracy=0.000000
2022-01-16 20:37:31,648 [INFO]  Epoch[23] Batch [0-5]	Speed: 20002.64 samples/sec	cross-entropy=0.323866	y-accuracy=0.000000
2022-01-16 20:37:31,652 [INFO]  Epoch[23] Train-cross-entropy=0.283430
2022-01-16 20:37:31,653 [INFO]  Epoch[23] Train-y-accuracy=0.000000
2022-01-16 20:37:31,653 [INFO]  Epoch[23] Time cost=0.011
2022-01-16 20:37:31,657 [INFO]  Saved checkpoint to "imputer_model\model-0023.params"
2022-01-16 20:37:31,660 [INFO]  Epoch[23] Validation-cross-entropy=0.245823
2022-01-16 20:37:31,660 [INFO]  Epoch[23] Validation-y-accuracy=0.000000
2022-01-16 20:37:31,668 [INFO]  Epoch[24] Batch [0-5]	Speed: 14090.21 samples/sec	cross-entropy=0.304826	y-accuracy=0.000000
2022-01-16 20:37:31,671 [INFO]  Epoch[24] Train-cross-entropy=0.267520
2022-01-16 20:37:31,672 [INFO]  Epoch[24] Train-y-accuracy=0.000000
2022-01-16 20:37:31,673 [INFO]  Epoch[24] Time cost=0.012
2022-01-16 20:37:31,678 [INFO]  Saved checkpoint to "imputer_model\model-0024.params"
2022-01-16 20:37:31,680 [INFO]  Epoch[24] Validation-cross-entropy=0.227814
2022-01-16 20:37:31,681 [INFO]  Epoch[24] Validation-y-accuracy=0.000000
2022-01-16 20:37:31,686 [INFO]  Epoch[25] Batch [0-5]	Speed: 26649.54 samples/sec	cross-entropy=0.286687	y-accuracy=0.000000
2022-01-16 20:37:31,690 [INFO]  Epoch[25] Train-cross-entropy=0.252441
2022-01-16 20:37:31,691 [INFO]  Epoch[25] Train-y-accuracy=0.000000
2022-01-16 20:37:31,691 [INFO]  Epoch[25] Time cost=0.010
2022-01-16 20:37:31,695 [INFO]  Saved checkpoint to "imputer_model\model-0025.params"
2022-01-16 20:37:31,697 [INFO]  Epoch[25] Validation-cross-entropy=0.210964
2022-01-16 20:37:31,698 [INFO]  Epoch[25] Validation-y-accuracy=0.000000
2022-01-16 20:37:31,706 [INFO]  Epoch[26] Batch [0-5]	Speed: 15993.53 samples/sec	cross-entropy=0.269519	y-accuracy=0.000000
2022-01-16 20:37:31,710 [INFO]  Epoch[26] Train-cross-entropy=0.238335
2022-01-16 20:37:31,710 [INFO]  Epoch[26] Train-y-accuracy=0.000000
2022-01-16 20:37:31,711 [INFO]  Epoch[26] Time cost=0.012
2022-01-16 20:37:31,715 [INFO]  Saved checkpoint to "imputer_model\model-0026.params"
2022-01-16 20:37:31,717 [INFO]  Epoch[26] Validation-cross-entropy=0.195095
2022-01-16 20:37:31,718 [INFO]  Epoch[26] Validation-y-accuracy=0.000000
2022-01-16 20:37:31,725 [INFO]  Epoch[27] Batch [0-5]	Speed: 15995.06 samples/sec	cross-entropy=0.253217	y-accuracy=0.000000
2022-01-16 20:37:31,729 [INFO]  Epoch[27] Train-cross-entropy=0.224912
2022-01-16 20:37:31,730 [INFO]  Epoch[27] Train-y-accuracy=0.000000
2022-01-16 20:37:31,731 [INFO]  Epoch[27] Time cost=0.013
2022-01-16 20:37:31,736 [INFO]  Saved checkpoint to "imputer_model\model-0027.params"
2022-01-16 20:37:31,738 [INFO]  Epoch[27] Validation-cross-entropy=0.180346
2022-01-16 20:37:31,739 [INFO]  Epoch[27] Validation-y-accuracy=0.000000
2022-01-16 20:37:31,748 [INFO]  Epoch[28] Batch [0-5]	Speed: 15993.53 samples/sec	cross-entropy=0.237775	y-accuracy=0.000000
2022-01-16 20:37:31,752 [INFO]  Epoch[28] Train-cross-entropy=0.212297
2022-01-16 20:37:31,753 [INFO]  Epoch[28] Train-y-accuracy=0.000000
2022-01-16 20:37:31,754 [INFO]  Epoch[28] Time cost=0.014
2022-01-16 20:37:31,759 [INFO]  Saved checkpoint to "imputer_model\model-0028.params"
2022-01-16 20:37:31,761 [INFO]  Epoch[28] Validation-cross-entropy=0.166604
2022-01-16 20:37:31,762 [INFO]  Epoch[28] Validation-y-accuracy=0.000000
2022-01-16 20:37:31,769 [INFO]  Epoch[29] Batch [0-5]	Speed: 19210.19 samples/sec	cross-entropy=0.223204	y-accuracy=0.000000
2022-01-16 20:37:31,773 [INFO]  Epoch[29] Train-cross-entropy=0.200233
2022-01-16 20:37:31,774 [INFO]  Epoch[29] Train-y-accuracy=0.000000
2022-01-16 20:37:31,774 [INFO]  Epoch[29] Time cost=0.012
2022-01-16 20:37:31,778 [INFO]  Saved checkpoint to "imputer_model\model-0029.params"
2022-01-16 20:37:31,780 [INFO]  Epoch[29] Validation-cross-entropy=0.153938
2022-01-16 20:37:31,781 [INFO]  Epoch[29] Validation-y-accuracy=0.000000
2022-01-16 20:37:31,787 [INFO]  Epoch[30] Batch [0-5]	Speed: 19653.51 samples/sec	cross-entropy=0.209459	y-accuracy=0.000000
2022-01-16 20:37:31,792 [INFO]  Epoch[30] Train-cross-entropy=0.188886
2022-01-16 20:37:31,793 [INFO]  Epoch[30] Train-y-accuracy=0.000000
2022-01-16 20:37:31,793 [INFO]  Epoch[30] Time cost=0.011
2022-01-16 20:37:31,798 [INFO]  Saved checkpoint to "imputer_model\model-0030.params"
2022-01-16 20:37:31,800 [INFO]  Epoch[30] Validation-cross-entropy=0.142336
2022-01-16 20:37:31,801 [INFO]  Epoch[30] Validation-y-accuracy=0.000000
2022-01-16 20:37:31,808 [INFO]  Epoch[31] Batch [0-5]	Speed: 15993.53 samples/sec	cross-entropy=0.196454	y-accuracy=0.000000
2022-01-16 20:37:31,813 [INFO]  Epoch[31] Train-cross-entropy=0.178205
2022-01-16 20:37:31,813 [INFO]  Epoch[31] Train-y-accuracy=0.000000
2022-01-16 20:37:31,814 [INFO]  Epoch[31] Time cost=0.013
2022-01-16 20:37:31,820 [INFO]  Saved checkpoint to "imputer_model\model-0031.params"
2022-01-16 20:37:31,823 [INFO]  Epoch[31] Validation-cross-entropy=0.131829
2022-01-16 20:37:31,824 [INFO]  Epoch[31] Validation-y-accuracy=0.000000
2022-01-16 20:37:31,831 [INFO]  Epoch[32] Batch [0-5]	Speed: 17731.15 samples/sec	cross-entropy=0.184290	y-accuracy=0.000000
2022-01-16 20:37:31,835 [INFO]  Epoch[32] Train-cross-entropy=0.168038
2022-01-16 20:37:31,835 [INFO]  Epoch[32] Train-y-accuracy=0.000000
2022-01-16 20:37:31,836 [INFO]  Epoch[32] Time cost=0.011
2022-01-16 20:37:31,841 [INFO]  Saved checkpoint to "imputer_model\model-0032.params"
2022-01-16 20:37:31,843 [INFO]  Epoch[32] Validation-cross-entropy=0.122101
2022-01-16 20:37:31,843 [INFO]  Epoch[32] Validation-y-accuracy=0.000000
2022-01-16 20:37:31,851 [INFO]  Epoch[33] Batch [0-5]	Speed: 18499.52 samples/sec	cross-entropy=0.172783	y-accuracy=0.000000
2022-01-16 20:37:31,855 [INFO]  Epoch[33] Train-cross-entropy=0.158594
2022-01-16 20:37:31,855 [INFO]  Epoch[33] Train-y-accuracy=0.000000
2022-01-16 20:37:31,856 [INFO]  Epoch[33] Time cost=0.012
2022-01-16 20:37:31,860 [INFO]  Saved checkpoint to "imputer_model\model-0033.params"
2022-01-16 20:37:31,862 [INFO]  Epoch[33] Validation-cross-entropy=0.113100
2022-01-16 20:37:31,863 [INFO]  Epoch[33] Validation-y-accuracy=0.000000
2022-01-16 20:37:31,869 [INFO]  Epoch[34] Batch [0-5]	Speed: 19950.31 samples/sec	cross-entropy=0.161921	y-accuracy=0.000000
2022-01-16 20:37:31,873 [INFO]  Epoch[34] Train-cross-entropy=0.149525
2022-01-16 20:37:31,874 [INFO]  Epoch[34] Train-y-accuracy=0.000000
2022-01-16 20:37:31,874 [INFO]  Epoch[34] Time cost=0.010
2022-01-16 20:37:31,878 [INFO]  Saved checkpoint to "imputer_model\model-0034.params"
2022-01-16 20:37:31,880 [INFO]  Epoch[34] Validation-cross-entropy=0.104756
2022-01-16 20:37:31,881 [INFO]  Epoch[34] Validation-y-accuracy=0.000000
2022-01-16 20:37:31,887 [INFO]  Epoch[35] Batch [0-5]	Speed: 18904.97 samples/sec	cross-entropy=0.151601	y-accuracy=0.000000
2022-01-16 20:37:31,892 [INFO]  Epoch[35] Train-cross-entropy=0.141043
2022-01-16 20:37:31,892 [INFO]  Epoch[35] Train-y-accuracy=0.000000
2022-01-16 20:37:31,893 [INFO]  Epoch[35] Time cost=0.011
2022-01-16 20:37:31,898 [INFO]  Saved checkpoint to "imputer_model\model-0035.params"
2022-01-16 20:37:31,900 [INFO]  Epoch[35] Validation-cross-entropy=0.097237
2022-01-16 20:37:31,901 [INFO]  Epoch[35] Validation-y-accuracy=0.000000
2022-01-16 20:37:31,909 [INFO]  Epoch[36] Batch [0-5]	Speed: 16003.45 samples/sec	cross-entropy=0.141957	y-accuracy=0.000000
2022-01-16 20:37:31,914 [INFO]  Epoch[36] Train-cross-entropy=0.132859
2022-01-16 20:37:31,915 [INFO]  Epoch[36] Train-y-accuracy=0.000000
2022-01-16 20:37:31,916 [INFO]  Epoch[36] Time cost=0.014
2022-01-16 20:37:31,922 [INFO]  Saved checkpoint to "imputer_model\model-0036.params"
2022-01-16 20:37:31,925 [INFO]  Epoch[36] Validation-cross-entropy=0.090286
2022-01-16 20:37:31,925 [INFO]  Epoch[36] Validation-y-accuracy=0.000000
2022-01-16 20:37:31,934 [INFO]  Epoch[37] Batch [0-5]	Speed: 15290.24 samples/sec	cross-entropy=0.132855	y-accuracy=0.000000
2022-01-16 20:37:31,938 [INFO]  Epoch[37] Train-cross-entropy=0.125164
2022-01-16 20:37:31,939 [INFO]  Epoch[37] Train-y-accuracy=0.000000
2022-01-16 20:37:31,940 [INFO]  Epoch[37] Time cost=0.014
2022-01-16 20:37:31,946 [INFO]  Saved checkpoint to "imputer_model\model-0037.params"
2022-01-16 20:37:31,947 [INFO]  Epoch[37] Validation-cross-entropy=0.083807
2022-01-16 20:37:31,948 [INFO]  Epoch[37] Validation-y-accuracy=0.000000
2022-01-16 20:37:31,954 [INFO]  Epoch[38] Batch [0-5]	Speed: 26290.40 samples/sec	cross-entropy=0.124314	y-accuracy=0.000000
2022-01-16 20:37:31,958 [INFO]  Epoch[38] Train-cross-entropy=0.117843
2022-01-16 20:37:31,958 [INFO]  Epoch[38] Train-y-accuracy=0.000000
2022-01-16 20:37:31,959 [INFO]  Epoch[38] Time cost=0.010
2022-01-16 20:37:31,964 [INFO]  Saved checkpoint to "imputer_model\model-0038.params"
2022-01-16 20:37:31,966 [INFO]  Epoch[38] Validation-cross-entropy=0.077742
2022-01-16 20:37:31,967 [INFO]  Epoch[38] Validation-y-accuracy=0.000000
2022-01-16 20:37:31,973 [INFO]  Epoch[39] Batch [0-5]	Speed: 19995.49 samples/sec	cross-entropy=0.116254	y-accuracy=0.000000
2022-01-16 20:37:31,977 [INFO]  Epoch[39] Train-cross-entropy=0.111018
2022-01-16 20:37:31,977 [INFO]  Epoch[39] Train-y-accuracy=0.000000
2022-01-16 20:37:31,978 [INFO]  Epoch[39] Time cost=0.011
2022-01-16 20:37:31,983 [INFO]  Saved checkpoint to "imputer_model\model-0039.params"
2022-01-16 20:37:31,986 [INFO]  Epoch[39] Validation-cross-entropy=0.072196
2022-01-16 20:37:31,986 [INFO]  Epoch[39] Validation-y-accuracy=0.000000
2022-01-16 20:37:31,992 [INFO]  Epoch[40] Batch [0-5]	Speed: 19241.03 samples/sec	cross-entropy=0.108837	y-accuracy=0.000000
2022-01-16 20:37:31,995 [INFO]  Epoch[40] Train-cross-entropy=0.104548
2022-01-16 20:37:31,996 [INFO]  Epoch[40] Train-y-accuracy=0.000000
2022-01-16 20:37:31,997 [INFO]  Epoch[40] Time cost=0.010
2022-01-16 20:37:32,002 [INFO]  Saved checkpoint to "imputer_model\model-0040.params"
2022-01-16 20:37:32,004 [INFO]  Epoch[40] Validation-cross-entropy=0.067027
2022-01-16 20:37:32,005 [INFO]  Epoch[40] Validation-y-accuracy=0.000000
2022-01-16 20:37:32,014 [INFO]  Epoch[41] Batch [0-5]	Speed: 11946.61 samples/sec	cross-entropy=0.101941	y-accuracy=0.000000
2022-01-16 20:37:32,018 [INFO]  Epoch[41] Train-cross-entropy=0.098390
2022-01-16 20:37:32,019 [INFO]  Epoch[41] Train-y-accuracy=0.000000
2022-01-16 20:37:32,019 [INFO]  Epoch[41] Time cost=0.014
2022-01-16 20:37:32,024 [INFO]  Saved checkpoint to "imputer_model\model-0041.params"
2022-01-16 20:37:32,025 [INFO]  Epoch[41] Validation-cross-entropy=0.062197
2022-01-16 20:37:32,025 [INFO]  Epoch[41] Validation-y-accuracy=0.000000
2022-01-16 20:37:32,033 [INFO]  Epoch[42] Batch [0-5]	Speed: 15997.35 samples/sec	cross-entropy=0.095527	y-accuracy=0.000000
2022-01-16 20:37:32,038 [INFO]  Epoch[42] Train-cross-entropy=0.092707
2022-01-16 20:37:32,039 [INFO]  Epoch[42] Train-y-accuracy=0.000000
2022-01-16 20:37:32,040 [INFO]  Epoch[42] Time cost=0.014
2022-01-16 20:37:32,044 [INFO]  Saved checkpoint to "imputer_model\model-0042.params"
2022-01-16 20:37:32,046 [INFO]  Epoch[42] Validation-cross-entropy=0.057788
2022-01-16 20:37:32,047 [INFO]  Epoch[42] Validation-y-accuracy=0.000000
2022-01-16 20:37:32,055 [INFO]  Epoch[43] Batch [0-5]	Speed: 15187.81 samples/sec	cross-entropy=0.089571	y-accuracy=0.000000
2022-01-16 20:37:32,059 [INFO]  Epoch[43] Train-cross-entropy=0.087219
2022-01-16 20:37:32,059 [INFO]  Epoch[43] Train-y-accuracy=0.000000
2022-01-16 20:37:32,060 [INFO]  Epoch[43] Time cost=0.012
2022-01-16 20:37:32,064 [INFO]  Saved checkpoint to "imputer_model\model-0043.params"
2022-01-16 20:37:32,066 [INFO]  Epoch[43] Validation-cross-entropy=0.053659
2022-01-16 20:37:32,067 [INFO]  Epoch[43] Validation-y-accuracy=0.000000
2022-01-16 20:37:32,074 [INFO]  Epoch[44] Batch [0-5]	Speed: 18016.77 samples/sec	cross-entropy=0.083970	y-accuracy=0.000000
2022-01-16 20:37:32,077 [INFO]  Epoch[44] Train-cross-entropy=0.082139
2022-01-16 20:37:32,078 [INFO]  Epoch[44] Train-y-accuracy=0.000000
2022-01-16 20:37:32,079 [INFO]  Epoch[44] Time cost=0.011
2022-01-16 20:37:32,083 [INFO]  Saved checkpoint to "imputer_model\model-0044.params"
2022-01-16 20:37:32,085 [INFO]  Epoch[44] Validation-cross-entropy=0.049833
2022-01-16 20:37:32,086 [INFO]  Epoch[44] Validation-y-accuracy=0.000000
2022-01-16 20:37:32,093 [INFO]  Epoch[45] Batch [0-5]	Speed: 16817.58 samples/sec	cross-entropy=0.078787	y-accuracy=0.000000
2022-01-16 20:37:32,097 [INFO]  Epoch[45] Train-cross-entropy=0.077262
2022-01-16 20:37:32,098 [INFO]  Epoch[45] Train-y-accuracy=0.000000
2022-01-16 20:37:32,098 [INFO]  Epoch[45] Time cost=0.012
2022-01-16 20:37:32,103 [INFO]  Saved checkpoint to "imputer_model\model-0045.params"
2022-01-16 20:37:32,105 [INFO]  Epoch[45] Validation-cross-entropy=0.046256
2022-01-16 20:37:32,106 [INFO]  Epoch[45] Validation-y-accuracy=0.000000
2022-01-16 20:37:32,114 [INFO]  Epoch[46] Batch [0-5]	Speed: 15490.71 samples/sec	cross-entropy=0.073865	y-accuracy=0.000000
2022-01-16 20:37:32,118 [INFO]  Epoch[46] Train-cross-entropy=0.072723
2022-01-16 20:37:32,119 [INFO]  Epoch[46] Train-y-accuracy=0.000000
2022-01-16 20:37:32,119 [INFO]  Epoch[46] Time cost=0.013
2022-01-16 20:37:32,124 [INFO]  Saved checkpoint to "imputer_model\model-0046.params"
2022-01-16 20:37:32,126 [INFO]  Epoch[46] Validation-cross-entropy=0.042926
2022-01-16 20:37:32,127 [INFO]  Epoch[46] Validation-y-accuracy=0.000000
2022-01-16 20:37:32,135 [INFO]  Epoch[47] Batch [0-5]	Speed: 15993.53 samples/sec	cross-entropy=0.069319	y-accuracy=0.000000
2022-01-16 20:37:32,140 [INFO]  Epoch[47] Train-cross-entropy=0.068453
2022-01-16 20:37:32,141 [INFO]  Epoch[47] Train-y-accuracy=0.000000
2022-01-16 20:37:32,142 [INFO]  Epoch[47] Time cost=0.014
2022-01-16 20:37:32,147 [INFO]  Saved checkpoint to "imputer_model\model-0047.params"
2022-01-16 20:37:32,150 [INFO]  Epoch[47] Validation-cross-entropy=0.039834
2022-01-16 20:37:32,151 [INFO]  Epoch[47] Validation-y-accuracy=0.000000
2022-01-16 20:37:32,159 [INFO]  Epoch[48] Batch [0-5]	Speed: 13325.30 samples/sec	cross-entropy=0.065040	y-accuracy=0.000000
2022-01-16 20:37:32,164 [INFO]  Epoch[48] Train-cross-entropy=0.064433
2022-01-16 20:37:32,165 [INFO]  Epoch[48] Train-y-accuracy=0.000000
2022-01-16 20:37:32,166 [INFO]  Epoch[48] Time cost=0.015
2022-01-16 20:37:32,171 [INFO]  Saved checkpoint to "imputer_model\model-0048.params"
2022-01-16 20:37:32,173 [INFO]  Epoch[48] Validation-cross-entropy=0.036965
2022-01-16 20:37:32,173 [INFO]  Epoch[48] Validation-y-accuracy=0.000000
2022-01-16 20:37:32,182 [INFO]  Epoch[49] Batch [0-5]	Speed: 13333.24 samples/sec	cross-entropy=0.061097	y-accuracy=0.000000
2022-01-16 20:37:32,186 [INFO]  Epoch[49] Train-cross-entropy=0.060654
2022-01-16 20:37:32,187 [INFO]  Epoch[49] Train-y-accuracy=0.000000
2022-01-16 20:37:32,188 [INFO]  Epoch[49] Time cost=0.014
2022-01-16 20:37:32,193 [INFO]  Saved checkpoint to "imputer_model\model-0049.params"
2022-01-16 20:37:32,196 [INFO]  Epoch[49] Validation-cross-entropy=0.034337
2022-01-16 20:37:32,197 [INFO]  Epoch[49] Validation-y-accuracy=0.000000
2022-01-16 20:37:32,198 [INFO]  
========== done (1.0721032619476318 s) fit model
2022-01-16 20:37:38,111 [INFO]  
========== start: fit model
2022-01-16 20:37:38,111 [WARNING]  Already bound, ignoring bind()
2022-01-16 20:37:38,118 [INFO]  Epoch[0] Batch [0-5]	Speed: 19996.68 samples/sec	cross-entropy=14.924244	y-accuracy=0.000000
2022-01-16 20:37:38,122 [INFO]  Epoch[0] Train-cross-entropy=12.857896
2022-01-16 20:37:38,122 [INFO]  Epoch[0] Train-y-accuracy=0.000000
2022-01-16 20:37:38,122 [INFO]  Epoch[0] Time cost=0.010
2022-01-16 20:37:38,126 [INFO]  Saved checkpoint to "imputer_model\model-0000.params"
2022-01-16 20:37:38,127 [INFO]  Epoch[0] Validation-cross-entropy=16.435102
2022-01-16 20:37:38,127 [INFO]  Epoch[0] Validation-y-accuracy=0.000000
2022-01-16 20:37:38,135 [INFO]  Epoch[1] Batch [0-5]	Speed: 11417.73 samples/sec	cross-entropy=13.199025	y-accuracy=0.000000
2022-01-16 20:37:38,137 [INFO]  Epoch[1] Train-cross-entropy=10.249834
2022-01-16 20:37:38,138 [INFO]  Epoch[1] Train-y-accuracy=0.000000
2022-01-16 20:37:38,138 [INFO]  Epoch[1] Time cost=0.011
2022-01-16 20:37:38,141 [INFO]  Saved checkpoint to "imputer_model\model-0001.params"
2022-01-16 20:37:38,142 [INFO]  Epoch[1] Validation-cross-entropy=14.056885
2022-01-16 20:37:38,142 [INFO]  Epoch[1] Validation-y-accuracy=0.000000
2022-01-16 20:37:38,149 [INFO]  Epoch[2] Batch [0-5]	Speed: 13326.89 samples/sec	cross-entropy=10.222444	y-accuracy=0.000000
2022-01-16 20:37:38,153 [INFO]  Epoch[2] Train-cross-entropy=10.625587
2022-01-16 20:37:38,153 [INFO]  Epoch[2] Train-y-accuracy=0.000000
2022-01-16 20:37:38,153 [INFO]  Epoch[2] Time cost=0.011
2022-01-16 20:37:38,156 [INFO]  Saved checkpoint to "imputer_model\model-0002.params"
2022-01-16 20:37:38,157 [INFO]  Epoch[2] Validation-cross-entropy=12.230392
2022-01-16 20:37:38,157 [INFO]  Epoch[2] Validation-y-accuracy=0.000000
2022-01-16 20:37:38,165 [INFO]  Epoch[3] Batch [0-5]	Speed: 13328.47 samples/sec	cross-entropy=8.336340	y-accuracy=0.000000
2022-01-16 20:37:38,167 [INFO]  Epoch[3] Train-cross-entropy=8.036942
2022-01-16 20:37:38,167 [INFO]  Epoch[3] Train-y-accuracy=0.000000
2022-01-16 20:37:38,167 [INFO]  Epoch[3] Time cost=0.011
2022-01-16 20:37:38,171 [INFO]  Saved checkpoint to "imputer_model\model-0003.params"
2022-01-16 20:37:38,171 [INFO]  Epoch[3] Validation-cross-entropy=10.127619
2022-01-16 20:37:38,172 [INFO]  Epoch[3] Validation-y-accuracy=0.000000
2022-01-16 20:37:38,177 [INFO]  Epoch[4] Batch [0-5]	Speed: 19168.48 samples/sec	cross-entropy=7.146916	y-accuracy=0.000000
2022-01-16 20:37:38,180 [INFO]  Epoch[4] Train-cross-entropy=6.391046
2022-01-16 20:37:38,180 [INFO]  Epoch[4] Train-y-accuracy=0.000000
2022-01-16 20:37:38,180 [INFO]  Epoch[4] Time cost=0.008
2022-01-16 20:37:38,183 [INFO]  Saved checkpoint to "imputer_model\model-0004.params"
2022-01-16 20:37:38,184 [INFO]  Epoch[4] Validation-cross-entropy=8.306057
2022-01-16 20:37:38,184 [INFO]  Epoch[4] Validation-y-accuracy=0.000000
2022-01-16 20:37:38,189 [INFO]  Epoch[5] Batch [0-5]	Speed: 19499.32 samples/sec	cross-entropy=5.475390	y-accuracy=0.000000
2022-01-16 20:37:38,191 [INFO]  Epoch[5] Train-cross-entropy=5.410720
2022-01-16 20:37:38,191 [INFO]  Epoch[5] Train-y-accuracy=0.000000
2022-01-16 20:37:38,191 [INFO]  Epoch[5] Time cost=0.007
2022-01-16 20:37:38,195 [INFO]  Saved checkpoint to "imputer_model\model-0005.params"
2022-01-16 20:37:38,195 [INFO]  Epoch[5] Validation-cross-entropy=6.413956
2022-01-16 20:37:38,195 [INFO]  Epoch[5] Validation-y-accuracy=0.000000
2022-01-16 20:37:38,202 [INFO]  Epoch[6] Batch [0-5]	Speed: 13333.24 samples/sec	cross-entropy=3.944656	y-accuracy=0.000000
2022-01-16 20:37:38,206 [INFO]  Epoch[6] Train-cross-entropy=3.840169
2022-01-16 20:37:38,206 [INFO]  Epoch[6] Train-y-accuracy=0.000000
2022-01-16 20:37:38,206 [INFO]  Epoch[6] Time cost=0.011
2022-01-16 20:37:38,209 [INFO]  Saved checkpoint to "imputer_model\model-0006.params"
2022-01-16 20:37:38,210 [INFO]  Epoch[6] Validation-cross-entropy=4.689844
2022-01-16 20:37:38,210 [INFO]  Epoch[6] Validation-y-accuracy=0.000000
2022-01-16 20:37:38,215 [INFO]  Epoch[7] Batch [0-5]	Speed: 19996.68 samples/sec	cross-entropy=2.741803	y-accuracy=0.000000
2022-01-16 20:37:38,217 [INFO]  Epoch[7] Train-cross-entropy=2.689769
2022-01-16 20:37:38,217 [INFO]  Epoch[7] Train-y-accuracy=0.000000
2022-01-16 20:37:38,217 [INFO]  Epoch[7] Time cost=0.007
2022-01-16 20:37:38,221 [INFO]  Saved checkpoint to "imputer_model\model-0007.params"
2022-01-16 20:37:38,222 [INFO]  Epoch[7] Validation-cross-entropy=3.270764
2022-01-16 20:37:38,222 [INFO]  Epoch[7] Validation-y-accuracy=0.000000
2022-01-16 20:37:38,229 [INFO]  Epoch[8] Batch [0-5]	Speed: 18189.64 samples/sec	cross-entropy=1.692574	y-accuracy=0.000000
2022-01-16 20:37:38,232 [INFO]  Epoch[8] Train-cross-entropy=1.834804
2022-01-16 20:37:38,232 [INFO]  Epoch[8] Train-y-accuracy=0.000000
2022-01-16 20:37:38,232 [INFO]  Epoch[8] Time cost=0.009
2022-01-16 20:37:38,235 [INFO]  Saved checkpoint to "imputer_model\model-0008.params"
2022-01-16 20:37:38,236 [INFO]  Epoch[8] Validation-cross-entropy=2.192333
2022-01-16 20:37:38,236 [INFO]  Epoch[8] Validation-y-accuracy=0.000000
2022-01-16 20:37:38,242 [INFO]  Epoch[9] Batch [0-5]	Speed: 15996.58 samples/sec	cross-entropy=1.028912	y-accuracy=0.000000
2022-01-16 20:37:38,244 [INFO]  Epoch[9] Train-cross-entropy=1.179582
2022-01-16 20:37:38,245 [INFO]  Epoch[9] Train-y-accuracy=0.000000
2022-01-16 20:37:38,245 [INFO]  Epoch[9] Time cost=0.009
2022-01-16 20:37:38,248 [INFO]  Saved checkpoint to "imputer_model\model-0009.params"
2022-01-16 20:37:38,249 [INFO]  Epoch[9] Validation-cross-entropy=1.511119
2022-01-16 20:37:38,249 [INFO]  Epoch[9] Validation-y-accuracy=0.000000
2022-01-16 20:37:38,255 [INFO]  Epoch[10] Batch [0-5]	Speed: 15946.41 samples/sec	cross-entropy=0.696419	y-accuracy=0.000000
2022-01-16 20:37:38,258 [INFO]  Epoch[10] Train-cross-entropy=0.872505
2022-01-16 20:37:38,259 [INFO]  Epoch[10] Train-y-accuracy=0.000000
2022-01-16 20:37:38,259 [INFO]  Epoch[10] Time cost=0.010
2022-01-16 20:37:38,262 [INFO]  Saved checkpoint to "imputer_model\model-0010.params"
2022-01-16 20:37:38,264 [INFO]  Epoch[10] Validation-cross-entropy=1.153165
2022-01-16 20:37:38,264 [INFO]  Epoch[10] Validation-y-accuracy=0.000000
2022-01-16 20:37:38,271 [INFO]  Epoch[11] Batch [0-5]	Speed: 16987.01 samples/sec	cross-entropy=0.576272	y-accuracy=0.000000
2022-01-16 20:37:38,274 [INFO]  Epoch[11] Train-cross-entropy=0.699940
2022-01-16 20:37:38,275 [INFO]  Epoch[11] Train-y-accuracy=0.000000
2022-01-16 20:37:38,275 [INFO]  Epoch[11] Time cost=0.012
2022-01-16 20:37:38,278 [INFO]  Saved checkpoint to "imputer_model\model-0011.params"
2022-01-16 20:37:38,278 [INFO]  Epoch[11] Validation-cross-entropy=0.987866
2022-01-16 20:37:38,278 [INFO]  Epoch[11] Validation-y-accuracy=0.000000
2022-01-16 20:37:38,283 [INFO]  Epoch[12] Batch [0-5]	Speed: 19995.49 samples/sec	cross-entropy=0.536760	y-accuracy=0.000000
2022-01-16 20:37:38,287 [INFO]  Epoch[12] Train-cross-entropy=0.634158
2022-01-16 20:37:38,287 [INFO]  Epoch[12] Train-y-accuracy=0.000000
2022-01-16 20:37:38,287 [INFO]  Epoch[12] Time cost=0.008
2022-01-16 20:37:38,290 [INFO]  Saved checkpoint to "imputer_model\model-0012.params"
2022-01-16 20:37:38,291 [INFO]  Epoch[12] Validation-cross-entropy=0.905563
2022-01-16 20:37:38,291 [INFO]  Epoch[12] Validation-y-accuracy=0.000000
2022-01-16 20:37:38,296 [INFO]  Epoch[13] Batch [0-5]	Speed: 19996.68 samples/sec	cross-entropy=0.507433	y-accuracy=0.000000
2022-01-16 20:37:38,299 [INFO]  Epoch[13] Train-cross-entropy=0.578503
2022-01-16 20:37:38,299 [INFO]  Epoch[13] Train-y-accuracy=0.000000
2022-01-16 20:37:38,299 [INFO]  Epoch[13] Time cost=0.008
2022-01-16 20:37:38,302 [INFO]  Saved checkpoint to "imputer_model\model-0013.params"
2022-01-16 20:37:38,303 [INFO]  Epoch[13] Validation-cross-entropy=0.842154
2022-01-16 20:37:38,303 [INFO]  Epoch[13] Validation-y-accuracy=0.000000
2022-01-16 20:37:38,310 [INFO]  Epoch[14] Batch [0-5]	Speed: 14521.33 samples/sec	cross-entropy=0.470141	y-accuracy=0.000000
2022-01-16 20:37:38,313 [INFO]  Epoch[14] Train-cross-entropy=0.547768
2022-01-16 20:37:38,313 [INFO]  Epoch[14] Train-y-accuracy=0.000000
2022-01-16 20:37:38,313 [INFO]  Epoch[14] Time cost=0.010
2022-01-16 20:37:38,317 [INFO]  Saved checkpoint to "imputer_model\model-0014.params"
2022-01-16 20:37:38,318 [INFO]  Epoch[14] Validation-cross-entropy=0.797025
2022-01-16 20:37:38,318 [INFO]  Epoch[14] Validation-y-accuracy=0.000000
2022-01-16 20:37:38,324 [INFO]  Epoch[15] Batch [0-5]	Speed: 15995.82 samples/sec	cross-entropy=0.433787	y-accuracy=0.000000
2022-01-16 20:37:38,327 [INFO]  Epoch[15] Train-cross-entropy=0.516394
2022-01-16 20:37:38,327 [INFO]  Epoch[15] Train-y-accuracy=0.000000
2022-01-16 20:37:38,327 [INFO]  Epoch[15] Time cost=0.009
2022-01-16 20:37:38,331 [INFO]  Saved checkpoint to "imputer_model\model-0015.params"
2022-01-16 20:37:38,332 [INFO]  Epoch[15] Validation-cross-entropy=0.758270
2022-01-16 20:37:38,332 [INFO]  Epoch[15] Validation-y-accuracy=0.000000
2022-01-16 20:37:38,340 [INFO]  Epoch[16] Batch [0-5]	Speed: 13329.53 samples/sec	cross-entropy=0.399264	y-accuracy=0.000000
2022-01-16 20:37:38,343 [INFO]  Epoch[16] Train-cross-entropy=0.492438
2022-01-16 20:37:38,343 [INFO]  Epoch[16] Train-y-accuracy=0.000000
2022-01-16 20:37:38,343 [INFO]  Epoch[16] Time cost=0.010
2022-01-16 20:37:38,346 [INFO]  Saved checkpoint to "imputer_model\model-0016.params"
2022-01-16 20:37:38,347 [INFO]  Epoch[16] Validation-cross-entropy=0.720682
2022-01-16 20:37:38,347 [INFO]  Epoch[16] Validation-y-accuracy=0.000000
2022-01-16 20:37:38,353 [INFO]  Epoch[17] Batch [0-5]	Speed: 19996.68 samples/sec	cross-entropy=0.369940	y-accuracy=0.000000
2022-01-16 20:37:38,355 [INFO]  Epoch[17] Train-cross-entropy=0.463224
2022-01-16 20:37:38,355 [INFO]  Epoch[17] Train-y-accuracy=0.000000
2022-01-16 20:37:38,355 [INFO]  Epoch[17] Time cost=0.008
2022-01-16 20:37:38,359 [INFO]  Saved checkpoint to "imputer_model\model-0017.params"
2022-01-16 20:37:38,359 [INFO]  Epoch[17] Validation-cross-entropy=0.680242
2022-01-16 20:37:38,360 [INFO]  Epoch[17] Validation-y-accuracy=0.000000
2022-01-16 20:37:38,365 [INFO]  Epoch[18] Batch [0-5]	Speed: 15994.30 samples/sec	cross-entropy=0.342203	y-accuracy=0.000000
2022-01-16 20:37:38,368 [INFO]  Epoch[18] Train-cross-entropy=0.436315
2022-01-16 20:37:38,368 [INFO]  Epoch[18] Train-y-accuracy=0.000000
2022-01-16 20:37:38,368 [INFO]  Epoch[18] Time cost=0.008
2022-01-16 20:37:38,372 [INFO]  Saved checkpoint to "imputer_model\model-0018.params"
2022-01-16 20:37:38,373 [INFO]  Epoch[18] Validation-cross-entropy=0.640005
2022-01-16 20:37:38,373 [INFO]  Epoch[18] Validation-y-accuracy=0.000000
2022-01-16 20:37:38,378 [INFO]  Epoch[19] Batch [0-5]	Speed: 17858.55 samples/sec	cross-entropy=0.317392	y-accuracy=0.000000
2022-01-16 20:37:38,381 [INFO]  Epoch[19] Train-cross-entropy=0.407544
2022-01-16 20:37:38,381 [INFO]  Epoch[19] Train-y-accuracy=0.000000
2022-01-16 20:37:38,381 [INFO]  Epoch[19] Time cost=0.008
2022-01-16 20:37:38,385 [INFO]  Saved checkpoint to "imputer_model\model-0019.params"
2022-01-16 20:37:38,385 [INFO]  Epoch[19] Validation-cross-entropy=0.599952
2022-01-16 20:37:38,386 [INFO]  Epoch[19] Validation-y-accuracy=0.000000
2022-01-16 20:37:38,392 [INFO]  Epoch[20] Batch [0-5]	Speed: 15996.58 samples/sec	cross-entropy=0.293549	y-accuracy=0.000000
2022-01-16 20:37:38,395 [INFO]  Epoch[20] Train-cross-entropy=0.381483
2022-01-16 20:37:38,395 [INFO]  Epoch[20] Train-y-accuracy=0.000000
2022-01-16 20:37:38,395 [INFO]  Epoch[20] Time cost=0.009
2022-01-16 20:37:38,398 [INFO]  Saved checkpoint to "imputer_model\model-0020.params"
2022-01-16 20:37:38,399 [INFO]  Epoch[20] Validation-cross-entropy=0.560851
2022-01-16 20:37:38,399 [INFO]  Epoch[20] Validation-y-accuracy=0.000000
2022-01-16 20:37:38,404 [INFO]  Epoch[21] Batch [0-5]	Speed: 19994.30 samples/sec	cross-entropy=0.272352	y-accuracy=0.000000
2022-01-16 20:37:38,407 [INFO]  Epoch[21] Train-cross-entropy=0.356958
2022-01-16 20:37:38,407 [INFO]  Epoch[21] Train-y-accuracy=0.000000
2022-01-16 20:37:38,407 [INFO]  Epoch[21] Time cost=0.008
2022-01-16 20:37:38,411 [INFO]  Saved checkpoint to "imputer_model\model-0021.params"
2022-01-16 20:37:38,412 [INFO]  Epoch[21] Validation-cross-entropy=0.525197
2022-01-16 20:37:38,412 [INFO]  Epoch[21] Validation-y-accuracy=0.000000
2022-01-16 20:37:38,418 [INFO]  Epoch[22] Batch [0-5]	Speed: 16001.16 samples/sec	cross-entropy=0.251990	y-accuracy=0.000000
2022-01-16 20:37:38,422 [INFO]  Epoch[22] Train-cross-entropy=0.334752
2022-01-16 20:37:38,422 [INFO]  Epoch[22] Train-y-accuracy=0.000000
2022-01-16 20:37:38,422 [INFO]  Epoch[22] Time cost=0.010
2022-01-16 20:37:38,425 [INFO]  Saved checkpoint to "imputer_model\model-0022.params"
2022-01-16 20:37:38,426 [INFO]  Epoch[22] Validation-cross-entropy=0.492311
2022-01-16 20:37:38,427 [INFO]  Epoch[22] Validation-y-accuracy=0.000000
2022-01-16 20:37:38,436 [INFO]  Epoch[23] Batch [0-5]	Speed: 10001.32 samples/sec	cross-entropy=0.233308	y-accuracy=0.000000
2022-01-16 20:37:38,439 [INFO]  Epoch[23] Train-cross-entropy=0.313456
2022-01-16 20:37:38,439 [INFO]  Epoch[23] Train-y-accuracy=0.000000
2022-01-16 20:37:38,439 [INFO]  Epoch[23] Time cost=0.012
2022-01-16 20:37:38,442 [INFO]  Saved checkpoint to "imputer_model\model-0023.params"
2022-01-16 20:37:38,443 [INFO]  Epoch[23] Validation-cross-entropy=0.461677
2022-01-16 20:37:38,443 [INFO]  Epoch[23] Validation-y-accuracy=0.000000
2022-01-16 20:37:38,451 [INFO]  Epoch[24] Batch [0-5]	Speed: 12373.03 samples/sec	cross-entropy=0.215890	y-accuracy=0.000000
2022-01-16 20:37:38,454 [INFO]  Epoch[24] Train-cross-entropy=0.293389
2022-01-16 20:37:38,454 [INFO]  Epoch[24] Train-y-accuracy=0.000000
2022-01-16 20:37:38,454 [INFO]  Epoch[24] Time cost=0.011
2022-01-16 20:37:38,457 [INFO]  Saved checkpoint to "imputer_model\model-0024.params"
2022-01-16 20:37:38,458 [INFO]  Epoch[24] Validation-cross-entropy=0.432496
2022-01-16 20:37:38,459 [INFO]  Epoch[24] Validation-y-accuracy=0.000000
2022-01-16 20:37:38,466 [INFO]  Epoch[25] Batch [0-5]	Speed: 13676.15 samples/sec	cross-entropy=0.199762	y-accuracy=0.000000
2022-01-16 20:37:38,469 [INFO]  Epoch[25] Train-cross-entropy=0.274133
2022-01-16 20:37:38,469 [INFO]  Epoch[25] Train-y-accuracy=0.000000
2022-01-16 20:37:38,469 [INFO]  Epoch[25] Time cost=0.010
2022-01-16 20:37:38,476 [INFO]  Saved checkpoint to "imputer_model\model-0025.params"
2022-01-16 20:37:38,476 [INFO]  Epoch[25] Validation-cross-entropy=0.405235
2022-01-16 20:37:38,476 [INFO]  Epoch[25] Validation-y-accuracy=0.000000
2022-01-16 20:37:38,482 [INFO]  Epoch[26] Batch [0-5]	Speed: 17202.99 samples/sec	cross-entropy=0.184878	y-accuracy=0.000000
2022-01-16 20:37:38,486 [INFO]  Epoch[26] Train-cross-entropy=0.256983
2022-01-16 20:37:38,486 [INFO]  Epoch[26] Train-y-accuracy=0.000000
2022-01-16 20:37:38,486 [INFO]  Epoch[26] Time cost=0.010
2022-01-16 20:37:38,489 [INFO]  Saved checkpoint to "imputer_model\model-0026.params"
2022-01-16 20:37:38,490 [INFO]  Epoch[26] Validation-cross-entropy=0.380352
2022-01-16 20:37:38,490 [INFO]  Epoch[26] Validation-y-accuracy=0.000000
2022-01-16 20:37:38,495 [INFO]  Epoch[27] Batch [0-5]	Speed: 19499.32 samples/sec	cross-entropy=0.170985	y-accuracy=0.000000
2022-01-16 20:37:38,497 [INFO]  Epoch[27] Train-cross-entropy=0.240243
2022-01-16 20:37:38,497 [INFO]  Epoch[27] Train-y-accuracy=0.000000
2022-01-16 20:37:38,497 [INFO]  Epoch[27] Time cost=0.007
2022-01-16 20:37:38,501 [INFO]  Saved checkpoint to "imputer_model\model-0027.params"
2022-01-16 20:37:38,502 [INFO]  Epoch[27] Validation-cross-entropy=0.356415
2022-01-16 20:37:38,502 [INFO]  Epoch[27] Validation-y-accuracy=0.000000
2022-01-16 20:37:38,508 [INFO]  Epoch[28] Batch [0-5]	Speed: 15990.48 samples/sec	cross-entropy=0.157798	y-accuracy=0.000000
2022-01-16 20:37:38,510 [INFO]  Epoch[28] Train-cross-entropy=0.224998
2022-01-16 20:37:38,510 [INFO]  Epoch[28] Train-y-accuracy=0.000000
2022-01-16 20:37:38,511 [INFO]  Epoch[28] Time cost=0.009
2022-01-16 20:37:38,513 [INFO]  Saved checkpoint to "imputer_model\model-0028.params"
2022-01-16 20:37:38,514 [INFO]  Epoch[28] Validation-cross-entropy=0.333679
2022-01-16 20:37:38,514 [INFO]  Epoch[28] Validation-y-accuracy=0.000000
2022-01-16 20:37:38,519 [INFO]  Epoch[29] Batch [0-5]	Speed: 20001.45 samples/sec	cross-entropy=0.145621	y-accuracy=0.000000
2022-01-16 20:37:38,522 [INFO]  Epoch[29] Train-cross-entropy=0.210342
2022-01-16 20:37:38,523 [INFO]  Epoch[29] Train-y-accuracy=0.000000
2022-01-16 20:37:38,523 [INFO]  Epoch[29] Time cost=0.009
2022-01-16 20:37:38,526 [INFO]  Saved checkpoint to "imputer_model\model-0029.params"
2022-01-16 20:37:38,526 [INFO]  Epoch[29] Validation-cross-entropy=0.312282
2022-01-16 20:37:38,527 [INFO]  Epoch[29] Validation-y-accuracy=0.000000
2022-01-16 20:37:38,531 [INFO]  Epoch[30] Batch [0-5]	Speed: 26658.01 samples/sec	cross-entropy=0.134074	y-accuracy=0.000000
2022-01-16 20:37:38,534 [INFO]  Epoch[30] Train-cross-entropy=0.196772
2022-01-16 20:37:38,534 [INFO]  Epoch[30] Train-y-accuracy=0.000000
2022-01-16 20:37:38,534 [INFO]  Epoch[30] Time cost=0.007
2022-01-16 20:37:38,538 [INFO]  Saved checkpoint to "imputer_model\model-0030.params"
2022-01-16 20:37:38,539 [INFO]  Epoch[30] Validation-cross-entropy=0.291985
2022-01-16 20:37:38,539 [INFO]  Epoch[30] Validation-y-accuracy=0.000000
2022-01-16 20:37:38,545 [INFO]  Epoch[31] Batch [0-5]	Speed: 16001.92 samples/sec	cross-entropy=0.123601	y-accuracy=0.000000
2022-01-16 20:37:38,548 [INFO]  Epoch[31] Train-cross-entropy=0.183779
2022-01-16 20:37:38,548 [INFO]  Epoch[31] Train-y-accuracy=0.000000
2022-01-16 20:37:38,548 [INFO]  Epoch[31] Time cost=0.009
2022-01-16 20:37:38,552 [INFO]  Saved checkpoint to "imputer_model\model-0031.params"
2022-01-16 20:37:38,553 [INFO]  Epoch[31] Validation-cross-entropy=0.272933
2022-01-16 20:37:38,553 [INFO]  Epoch[31] Validation-y-accuracy=0.000000
2022-01-16 20:37:38,559 [INFO]  Epoch[32] Batch [0-5]	Speed: 20025.32 samples/sec	cross-entropy=0.113656	y-accuracy=0.000000
2022-01-16 20:37:38,561 [INFO]  Epoch[32] Train-cross-entropy=0.171799
2022-01-16 20:37:38,561 [INFO]  Epoch[32] Train-y-accuracy=0.000000
2022-01-16 20:37:38,562 [INFO]  Epoch[32] Time cost=0.009
2022-01-16 20:37:38,565 [INFO]  Saved checkpoint to "imputer_model\model-0032.params"
2022-01-16 20:37:38,567 [INFO]  Epoch[32] Validation-cross-entropy=0.254891
2022-01-16 20:37:38,567 [INFO]  Epoch[32] Validation-y-accuracy=0.000000
2022-01-16 20:37:38,574 [INFO]  Epoch[33] Batch [0-5]	Speed: 13330.59 samples/sec	cross-entropy=0.104559	y-accuracy=0.000000
2022-01-16 20:37:38,578 [INFO]  Epoch[33] Train-cross-entropy=0.160253
2022-01-16 20:37:38,578 [INFO]  Epoch[33] Train-y-accuracy=0.000000
2022-01-16 20:37:38,578 [INFO]  Epoch[33] Time cost=0.011
2022-01-16 20:37:38,582 [INFO]  Saved checkpoint to "imputer_model\model-0033.params"
2022-01-16 20:37:38,583 [INFO]  Epoch[33] Validation-cross-entropy=0.237947
2022-01-16 20:37:38,583 [INFO]  Epoch[33] Validation-y-accuracy=0.000000
2022-01-16 20:37:38,591 [INFO]  Epoch[34] Batch [0-5]	Speed: 15389.82 samples/sec	cross-entropy=0.096078	y-accuracy=0.000000
2022-01-16 20:37:38,594 [INFO]  Epoch[34] Train-cross-entropy=0.149380
2022-01-16 20:37:38,594 [INFO]  Epoch[34] Train-y-accuracy=0.000000
2022-01-16 20:37:38,594 [INFO]  Epoch[34] Time cost=0.010
2022-01-16 20:37:38,598 [INFO]  Saved checkpoint to "imputer_model\model-0034.params"
2022-01-16 20:37:38,599 [INFO]  Epoch[34] Validation-cross-entropy=0.221795
2022-01-16 20:37:38,599 [INFO]  Epoch[34] Validation-y-accuracy=0.000000
2022-01-16 20:37:38,604 [INFO]  Epoch[35] Batch [0-5]	Speed: 22030.35 samples/sec	cross-entropy=0.088395	y-accuracy=0.000000
2022-01-16 20:37:38,606 [INFO]  Epoch[35] Train-cross-entropy=0.139034
2022-01-16 20:37:38,606 [INFO]  Epoch[35] Train-y-accuracy=0.000000
2022-01-16 20:37:38,606 [INFO]  Epoch[35] Time cost=0.007
2022-01-16 20:37:38,609 [INFO]  Saved checkpoint to "imputer_model\model-0035.params"
2022-01-16 20:37:38,610 [INFO]  Epoch[35] Validation-cross-entropy=0.206703
2022-01-16 20:37:38,611 [INFO]  Epoch[35] Validation-y-accuracy=0.000000
2022-01-16 20:37:38,617 [INFO]  Epoch[36] Batch [0-5]	Speed: 15332.86 samples/sec	cross-entropy=0.081242	y-accuracy=0.000000
2022-01-16 20:37:38,620 [INFO]  Epoch[36] Train-cross-entropy=0.129505
2022-01-16 20:37:38,620 [INFO]  Epoch[36] Train-y-accuracy=0.000000
2022-01-16 20:37:38,620 [INFO]  Epoch[36] Time cost=0.009
2022-01-16 20:37:38,623 [INFO]  Saved checkpoint to "imputer_model\model-0036.params"
2022-01-16 20:37:38,624 [INFO]  Epoch[36] Validation-cross-entropy=0.192590
2022-01-16 20:37:38,624 [INFO]  Epoch[36] Validation-y-accuracy=0.000000
2022-01-16 20:37:38,628 [INFO]  Epoch[37] Batch [0-5]	Speed: 25230.79 samples/sec	cross-entropy=0.074770	y-accuracy=0.000000
2022-01-16 20:37:38,630 [INFO]  Epoch[37] Train-cross-entropy=0.120416
2022-01-16 20:37:38,630 [INFO]  Epoch[37] Train-y-accuracy=0.000000
2022-01-16 20:37:38,630 [INFO]  Epoch[37] Time cost=0.006
2022-01-16 20:37:38,633 [INFO]  Saved checkpoint to "imputer_model\model-0037.params"
2022-01-16 20:37:38,635 [INFO]  Epoch[37] Validation-cross-entropy=0.179588
2022-01-16 20:37:38,635 [INFO]  Epoch[37] Validation-y-accuracy=0.000000
2022-01-16 20:37:38,642 [INFO]  Epoch[38] Batch [0-5]	Speed: 15231.24 samples/sec	cross-entropy=0.068722	y-accuracy=0.000000
2022-01-16 20:37:38,645 [INFO]  Epoch[38] Train-cross-entropy=0.112065
2022-01-16 20:37:38,645 [INFO]  Epoch[38] Train-y-accuracy=0.000000
2022-01-16 20:37:38,645 [INFO]  Epoch[38] Time cost=0.010
2022-01-16 20:37:38,649 [INFO]  Saved checkpoint to "imputer_model\model-0038.params"
2022-01-16 20:37:38,650 [INFO]  Epoch[38] Validation-cross-entropy=0.167378
2022-01-16 20:37:38,650 [INFO]  Epoch[38] Validation-y-accuracy=0.000000
2022-01-16 20:37:38,656 [INFO]  Epoch[39] Batch [0-5]	Speed: 15410.32 samples/sec	cross-entropy=0.063314	y-accuracy=0.000000
2022-01-16 20:37:38,660 [INFO]  Epoch[39] Train-cross-entropy=0.104185
2022-01-16 20:37:38,660 [INFO]  Epoch[39] Train-y-accuracy=0.000000
2022-01-16 20:37:38,660 [INFO]  Epoch[39] Time cost=0.010
2022-01-16 20:37:38,664 [INFO]  Saved checkpoint to "imputer_model\model-0039.params"
2022-01-16 20:37:38,665 [INFO]  Epoch[39] Validation-cross-entropy=0.156047
2022-01-16 20:37:38,665 [INFO]  Epoch[39] Validation-y-accuracy=0.000000
2022-01-16 20:37:38,670 [INFO]  Epoch[40] Batch [0-5]	Speed: 25485.67 samples/sec	cross-entropy=0.058464	y-accuracy=0.000000
2022-01-16 20:37:38,672 [INFO]  Epoch[40] Train-cross-entropy=0.096893
2022-01-16 20:37:38,673 [INFO]  Epoch[40] Train-y-accuracy=0.000000
2022-01-16 20:37:38,673 [INFO]  Epoch[40] Time cost=0.008
2022-01-16 20:37:38,676 [INFO]  Saved checkpoint to "imputer_model\model-0040.params"
2022-01-16 20:37:38,677 [INFO]  Epoch[40] Validation-cross-entropy=0.145637
2022-01-16 20:37:38,677 [INFO]  Epoch[40] Validation-y-accuracy=0.000000
2022-01-16 20:37:38,684 [INFO]  Epoch[41] Batch [0-5]	Speed: 13327.94 samples/sec	cross-entropy=0.054044	y-accuracy=0.000000
2022-01-16 20:37:38,687 [INFO]  Epoch[41] Train-cross-entropy=0.090203
2022-01-16 20:37:38,688 [INFO]  Epoch[41] Train-y-accuracy=0.000000
2022-01-16 20:37:38,688 [INFO]  Epoch[41] Time cost=0.011
2022-01-16 20:37:38,691 [INFO]  Saved checkpoint to "imputer_model\model-0041.params"
2022-01-16 20:37:38,692 [INFO]  Epoch[41] Validation-cross-entropy=0.136240
2022-01-16 20:37:38,692 [INFO]  Epoch[41] Validation-y-accuracy=0.000000
2022-01-16 20:37:38,697 [INFO]  Epoch[42] Batch [0-5]	Speed: 25508.92 samples/sec	cross-entropy=0.049962	y-accuracy=0.000000
2022-01-16 20:37:38,700 [INFO]  Epoch[42] Train-cross-entropy=0.084144
2022-01-16 20:37:38,700 [INFO]  Epoch[42] Train-y-accuracy=0.000000
2022-01-16 20:37:38,701 [INFO]  Epoch[42] Time cost=0.009
2022-01-16 20:37:38,703 [INFO]  Saved checkpoint to "imputer_model\model-0042.params"
2022-01-16 20:37:38,705 [INFO]  Epoch[42] Validation-cross-entropy=0.127755
2022-01-16 20:37:38,705 [INFO]  Epoch[42] Validation-y-accuracy=0.000000
2022-01-16 20:37:38,712 [INFO]  Epoch[43] Batch [0-5]	Speed: 13742.80 samples/sec	cross-entropy=0.046253	y-accuracy=0.000000
2022-01-16 20:37:38,716 [INFO]  Epoch[43] Train-cross-entropy=0.078563
2022-01-16 20:37:38,716 [INFO]  Epoch[43] Train-y-accuracy=0.000000
2022-01-16 20:37:38,716 [INFO]  Epoch[43] Time cost=0.011
2022-01-16 20:37:38,719 [INFO]  Saved checkpoint to "imputer_model\model-0043.params"
2022-01-16 20:37:38,720 [INFO]  Epoch[43] Validation-cross-entropy=0.120078
2022-01-16 20:37:38,720 [INFO]  Epoch[43] Validation-y-accuracy=0.000000
2022-01-16 20:37:38,726 [INFO]  Epoch[44] Batch [0-5]	Speed: 17663.02 samples/sec	cross-entropy=0.042856	y-accuracy=0.000000
2022-01-16 20:37:38,729 [INFO]  Epoch[44] Train-cross-entropy=0.073435
2022-01-16 20:37:38,729 [INFO]  Epoch[44] Train-y-accuracy=0.000000
2022-01-16 20:37:38,730 [INFO]  Epoch[44] Time cost=0.010
2022-01-16 20:37:38,734 [INFO]  Saved checkpoint to "imputer_model\model-0044.params"
2022-01-16 20:37:38,735 [INFO]  Epoch[44] Validation-cross-entropy=0.113014
2022-01-16 20:37:38,735 [INFO]  Epoch[44] Validation-y-accuracy=0.000000
2022-01-16 20:37:38,741 [INFO]  Epoch[45] Batch [0-5]	Speed: 15995.06 samples/sec	cross-entropy=0.039746	y-accuracy=0.000000
2022-01-16 20:37:38,744 [INFO]  Epoch[45] Train-cross-entropy=0.068682
2022-01-16 20:37:38,744 [INFO]  Epoch[45] Train-y-accuracy=0.000000
2022-01-16 20:37:38,744 [INFO]  Epoch[45] Time cost=0.009
2022-01-16 20:37:38,749 [INFO]  Saved checkpoint to "imputer_model\model-0045.params"
2022-01-16 20:37:38,750 [INFO]  Epoch[45] Validation-cross-entropy=0.106472
2022-01-16 20:37:38,751 [INFO]  Epoch[45] Validation-y-accuracy=0.000000
2022-01-16 20:37:38,756 [INFO]  Epoch[46] Batch [0-5]	Speed: 18263.90 samples/sec	cross-entropy=0.036921	y-accuracy=0.000000
2022-01-16 20:37:38,760 [INFO]  Epoch[46] Train-cross-entropy=0.064312
2022-01-16 20:37:38,760 [INFO]  Epoch[46] Train-y-accuracy=0.000000
2022-01-16 20:37:38,760 [INFO]  Epoch[46] Time cost=0.009
2022-01-16 20:37:38,764 [INFO]  Saved checkpoint to "imputer_model\model-0046.params"
2022-01-16 20:37:38,765 [INFO]  Epoch[46] Validation-cross-entropy=0.100498
2022-01-16 20:37:38,766 [INFO]  Epoch[46] Validation-y-accuracy=0.000000
2022-01-16 20:37:38,773 [INFO]  Epoch[47] Batch [0-5]	Speed: 13331.65 samples/sec	cross-entropy=0.034336	y-accuracy=0.000000
2022-01-16 20:37:38,777 [INFO]  Epoch[47] Train-cross-entropy=0.060275
2022-01-16 20:37:38,778 [INFO]  Epoch[47] Train-y-accuracy=0.000000
2022-01-16 20:37:38,778 [INFO]  Epoch[47] Time cost=0.011
2022-01-16 20:37:38,782 [INFO]  Saved checkpoint to "imputer_model\model-0047.params"
2022-01-16 20:37:38,783 [INFO]  Epoch[47] Validation-cross-entropy=0.094968
2022-01-16 20:37:38,783 [INFO]  Epoch[47] Validation-y-accuracy=0.000000
2022-01-16 20:37:38,790 [INFO]  Epoch[48] Batch [0-5]	Speed: 15999.63 samples/sec	cross-entropy=0.031981	y-accuracy=0.000000
2022-01-16 20:37:38,793 [INFO]  Epoch[48] Train-cross-entropy=0.056570
2022-01-16 20:37:38,794 [INFO]  Epoch[48] Train-y-accuracy=0.000000
2022-01-16 20:37:38,794 [INFO]  Epoch[48] Time cost=0.011
2022-01-16 20:37:38,797 [INFO]  Saved checkpoint to "imputer_model\model-0048.params"
2022-01-16 20:37:38,798 [INFO]  Epoch[48] Validation-cross-entropy=0.089874
2022-01-16 20:37:38,798 [INFO]  Epoch[48] Validation-y-accuracy=0.000000
2022-01-16 20:37:38,804 [INFO]  Epoch[49] Batch [0-5]	Speed: 18945.53 samples/sec	cross-entropy=0.029830	y-accuracy=0.000000
2022-01-16 20:37:38,808 [INFO]  Epoch[49] Train-cross-entropy=0.053122
2022-01-16 20:37:38,808 [INFO]  Epoch[49] Train-y-accuracy=0.000000
2022-01-16 20:37:38,808 [INFO]  Epoch[49] Time cost=0.010
2022-01-16 20:37:38,811 [INFO]  Saved checkpoint to "imputer_model\model-0049.params"
2022-01-16 20:37:38,811 [INFO]  Epoch[49] Validation-cross-entropy=0.085120
2022-01-16 20:37:38,812 [INFO]  Epoch[49] Validation-y-accuracy=0.000000
2022-01-16 20:37:38,812 [INFO]  
========== done (0.7019071578979492 s) fit model
